{"C:\\Users\\keibe\\OneDrive\\Documents\\Griffith Uni\\2024T2\\3813ICT\\s5270448-2024-3813ICT-Assignment\\server\\middleware\\auth.js": {"path":"C:\\Users\\keibe\\OneDrive\\Documents\\Griffith Uni\\2024T2\\3813ICT\\s5270448-2024-3813ICT-Assignment\\server\\middleware\\auth.js","statementMap":{"0":{"start":{"line":2,"column":12},"end":{"line":2,"column":35}},"1":{"start":{"line":3,"column":13},"end":{"line":3,"column":38}},"2":{"start":{"line":5,"column":18},"end":{"line":5,"column":35}},"3":{"start":{"line":7,"column":0},"end":{"line":24,"column":2}},"4":{"start":{"line":8,"column":16},"end":{"line":8,"column":41}},"5":{"start":{"line":9,"column":2},"end":{"line":9,"column":41}},"6":{"start":{"line":9,"column":14},"end":{"line":9,"column":41}},"7":{"start":{"line":11,"column":2},"end":{"line":23,"column":3}},"8":{"start":{"line":12,"column":20},"end":{"line":12,"column":48}},"9":{"start":{"line":13,"column":17},"end":{"line":13,"column":52}},"10":{"start":{"line":14,"column":4},"end":{"line":14,"column":42}},"11":{"start":{"line":14,"column":15},"end":{"line":14,"column":42}},"12":{"start":{"line":15,"column":4},"end":{"line":15,"column":20}},"13":{"start":{"line":16,"column":4},"end":{"line":16,"column":11}},"14":{"start":{"line":18,"column":4},"end":{"line":22,"column":5}},"15":{"start":{"line":19,"column":6},"end":{"line":19,"column":26}},"16":{"start":{"line":21,"column":6},"end":{"line":21,"column":26}},"17":{"start":{"line":26,"column":0},"end":{"line":33,"column":2}},"18":{"start":{"line":27,"column":2},"end":{"line":32,"column":4}},"19":{"start":{"line":28,"column":4},"end":{"line":28,"column":46}},"20":{"start":{"line":28,"column":19},"end":{"line":28,"column":46}},"21":{"start":{"line":29,"column":20},"end":{"line":29,"column":76}},"22":{"start":{"line":29,"column":48},"end":{"line":29,"column":75}},"23":{"start":{"line":30,"column":4},"end":{"line":30,"column":45}},"24":{"start":{"line":30,"column":18},"end":{"line":30,"column":45}},"25":{"start":{"line":31,"column":4},"end":{"line":31,"column":11}}},"fnMap":{"0":{"name":"(anonymous_0)","decl":{"start":{"line":7,"column":33},"end":{"line":7,"column":34}},"loc":{"start":{"line":7,"column":59},"end":{"line":24,"column":1}},"line":7},"1":{"name":"(anonymous_1)","decl":{"start":{"line":26,"column":32},"end":{"line":26,"column":33}},"loc":{"start":{"line":26,"column":53},"end":{"line":33,"column":1}},"line":26},"2":{"name":"(anonymous_2)","decl":{"start":{"line":27,"column":9},"end":{"line":27,"column":10}},"loc":{"start":{"line":27,"column":29},"end":{"line":32,"column":3}},"line":27},"3":{"name":"(anonymous_3)","decl":{"start":{"line":29,"column":40},"end":{"line":29,"column":41}},"loc":{"start":{"line":29,"column":48},"end":{"line":29,"column":75}},"line":29}},"branchMap":{"0":{"loc":{"start":{"line":9,"column":2},"end":{"line":9,"column":41}},"type":"if","locations":[{"start":{"line":9,"column":2},"end":{"line":9,"column":41}},{"start":{},"end":{}}],"line":9},"1":{"loc":{"start":{"line":14,"column":4},"end":{"line":14,"column":42}},"type":"if","locations":[{"start":{"line":14,"column":4},"end":{"line":14,"column":42}},{"start":{},"end":{}}],"line":14},"2":{"loc":{"start":{"line":18,"column":4},"end":{"line":22,"column":5}},"type":"if","locations":[{"start":{"line":18,"column":4},"end":{"line":22,"column":5}},{"start":{"line":20,"column":11},"end":{"line":22,"column":5}}],"line":18},"3":{"loc":{"start":{"line":18,"column":8},"end":{"line":18,"column":76}},"type":"binary-expr","locations":[{"start":{"line":18,"column":8},"end":{"line":18,"column":40}},{"start":{"line":18,"column":44},"end":{"line":18,"column":76}}],"line":18},"4":{"loc":{"start":{"line":28,"column":4},"end":{"line":28,"column":46}},"type":"if","locations":[{"start":{"line":28,"column":4},"end":{"line":28,"column":46}},{"start":{},"end":{}}],"line":28},"5":{"loc":{"start":{"line":30,"column":4},"end":{"line":30,"column":45}},"type":"if","locations":[{"start":{"line":30,"column":4},"end":{"line":30,"column":45}},{"start":{},"end":{}}],"line":30}},"s":{"0":1,"1":1,"2":1,"3":1,"4":4,"5":4,"6":1,"7":3,"8":3,"9":2,"10":1,"11":0,"12":1,"13":1,"14":2,"15":0,"16":2,"17":1,"18":3,"19":3,"20":1,"21":2,"22":2,"23":2,"24":1,"25":1},"f":{"0":4,"1":3,"2":3,"3":2},"b":{"0":[1,3],"1":[0,1],"2":[0,2],"3":[2,2],"4":[1,2],"5":[1,1]},"_coverageSchema":"1a1c01bbd47fc00a2c39e90264f33305004495a9","hash":"a4b5408b6450967dd5ec9a797ea8032954c4d680"}
,"C:\\Users\\keibe\\OneDrive\\Documents\\Griffith Uni\\2024T2\\3813ICT\\s5270448-2024-3813ICT-Assignment\\server\\models\\Channel.js": {"path":"C:\\Users\\keibe\\OneDrive\\Documents\\Griffith Uni\\2024T2\\3813ICT\\s5270448-2024-3813ICT-Assignment\\server\\models\\Channel.js","statementMap":{"0":{"start":{"line":2,"column":17},"end":{"line":2,"column":36}},"1":{"start":{"line":4,"column":22},"end":{"line":8,"column":2}},"2":{"start":{"line":10,"column":0},"end":{"line":10,"column":58}}},"fnMap":{},"branchMap":{},"s":{"0":1,"1":1,"2":1},"f":{},"b":{},"_coverageSchema":"1a1c01bbd47fc00a2c39e90264f33305004495a9","hash":"9bb61cd5070b48d5b49a91550f79fcdd00827e24"}
,"C:\\Users\\keibe\\OneDrive\\Documents\\Griffith Uni\\2024T2\\3813ICT\\s5270448-2024-3813ICT-Assignment\\server\\models\\Group.js": {"path":"C:\\Users\\keibe\\OneDrive\\Documents\\Griffith Uni\\2024T2\\3813ICT\\s5270448-2024-3813ICT-Assignment\\server\\models\\Group.js","statementMap":{"0":{"start":{"line":2,"column":17},"end":{"line":2,"column":36}},"1":{"start":{"line":4,"column":20},"end":{"line":9,"column":2}},"2":{"start":{"line":11,"column":0},"end":{"line":11,"column":54}}},"fnMap":{},"branchMap":{},"s":{"0":3,"1":3,"2":3},"f":{},"b":{},"_coverageSchema":"1a1c01bbd47fc00a2c39e90264f33305004495a9","hash":"09ced3f4b5f0e2631b002ea89d74448e802797a5"}
,"C:\\Users\\keibe\\OneDrive\\Documents\\Griffith Uni\\2024T2\\3813ICT\\s5270448-2024-3813ICT-Assignment\\server\\models\\Message.js": {"path":"C:\\Users\\keibe\\OneDrive\\Documents\\Griffith Uni\\2024T2\\3813ICT\\s5270448-2024-3813ICT-Assignment\\server\\models\\Message.js","statementMap":{"0":{"start":{"line":1,"column":17},"end":{"line":1,"column":36}},"1":{"start":{"line":3,"column":22},"end":{"line":9,"column":2}},"2":{"start":{"line":11,"column":0},"end":{"line":11,"column":58}}},"fnMap":{},"branchMap":{},"s":{"0":1,"1":1,"2":1},"f":{},"b":{},"_coverageSchema":"1a1c01bbd47fc00a2c39e90264f33305004495a9","hash":"d98a173777701ef67c9aadf735dd61223a915b89"}
,"C:\\Users\\keibe\\OneDrive\\Documents\\Griffith Uni\\2024T2\\3813ICT\\s5270448-2024-3813ICT-Assignment\\server\\models\\User.js": {"path":"C:\\Users\\keibe\\OneDrive\\Documents\\Griffith Uni\\2024T2\\3813ICT\\s5270448-2024-3813ICT-Assignment\\server\\models\\User.js","statementMap":{"0":{"start":{"line":2,"column":21},"end":{"line":2,"column":43}},"1":{"start":{"line":3,"column":17},"end":{"line":3,"column":36}},"2":{"start":{"line":5,"column":19},"end":{"line":11,"column":2}},"3":{"start":{"line":13,"column":0},"end":{"line":13,"column":52}}},"fnMap":{},"branchMap":{},"s":{"0":4,"1":4,"2":4,"3":4},"f":{},"b":{},"_coverageSchema":"1a1c01bbd47fc00a2c39e90264f33305004495a9","hash":"bbb84d73aee8d03d017cf9e977afaf802c0d6636"}
,"C:\\Users\\keibe\\OneDrive\\Documents\\Griffith Uni\\2024T2\\3813ICT\\s5270448-2024-3813ICT-Assignment\\server\\router\\createChannel.js": {"path":"C:\\Users\\keibe\\OneDrive\\Documents\\Griffith Uni\\2024T2\\3813ICT\\s5270448-2024-3813ICT-Assignment\\server\\router\\createChannel.js","statementMap":{"0":{"start":{"line":2,"column":16},"end":{"line":2,"column":44}},"1":{"start":{"line":3,"column":14},"end":{"line":3,"column":40}},"2":{"start":{"line":5,"column":0},"end":{"line":30,"column":2}},"3":{"start":{"line":6,"column":28},"end":{"line":6,"column":36}},"4":{"start":{"line":7,"column":17},"end":{"line":7,"column":29}},"5":{"start":{"line":9,"column":2},"end":{"line":29,"column":3}},"6":{"start":{"line":11,"column":18},"end":{"line":11,"column":71}},"7":{"start":{"line":12,"column":4},"end":{"line":14,"column":5}},"8":{"start":{"line":13,"column":6},"end":{"line":13,"column":74}},"9":{"start":{"line":16,"column":20},"end":{"line":20,"column":6}},"10":{"start":{"line":22,"column":25},"end":{"line":22,"column":45}},"11":{"start":{"line":23,"column":4},"end":{"line":23,"column":42}},"12":{"start":{"line":24,"column":4},"end":{"line":24,"column":23}},"13":{"start":{"line":26,"column":4},"end":{"line":26,"column":50}},"14":{"start":{"line":28,"column":4},"end":{"line":28,"column":60}}},"fnMap":{"0":{"name":"(anonymous_0)","decl":{"start":{"line":5,"column":17},"end":{"line":5,"column":18}},"loc":{"start":{"line":5,"column":42},"end":{"line":30,"column":1}},"line":5}},"branchMap":{"0":{"loc":{"start":{"line":12,"column":4},"end":{"line":14,"column":5}},"type":"if","locations":[{"start":{"line":12,"column":4},"end":{"line":14,"column":5}},{"start":{},"end":{}}],"line":12}},"s":{"0":1,"1":1,"2":1,"3":3,"4":3,"5":3,"6":3,"7":2,"8":1,"9":1,"10":1,"11":1,"12":1,"13":1,"14":1},"f":{"0":3},"b":{"0":[1,1]},"_coverageSchema":"1a1c01bbd47fc00a2c39e90264f33305004495a9","hash":"b7f7542568b46a66a30f78fe86230d2f38ec6424"}
,"C:\\Users\\keibe\\OneDrive\\Documents\\Griffith Uni\\2024T2\\3813ICT\\s5270448-2024-3813ICT-Assignment\\server\\router\\createGroup.js": {"path":"C:\\Users\\keibe\\OneDrive\\Documents\\Griffith Uni\\2024T2\\3813ICT\\s5270448-2024-3813ICT-Assignment\\server\\router\\createGroup.js","statementMap":{"0":{"start":{"line":2,"column":14},"end":{"line":2,"column":40}},"1":{"start":{"line":4,"column":0},"end":{"line":18,"column":2}},"2":{"start":{"line":5,"column":19},"end":{"line":5,"column":27}},"3":{"start":{"line":6,"column":17},"end":{"line":6,"column":29}},"4":{"start":{"line":8,"column":16},"end":{"line":13,"column":4}},"5":{"start":{"line":15,"column":2},"end":{"line":17,"column":75}},"6":{"start":{"line":16,"column":19},"end":{"line":16,"column":48}},"7":{"start":{"line":17,"column":18},"end":{"line":17,"column":73}}},"fnMap":{"0":{"name":"(anonymous_0)","decl":{"start":{"line":4,"column":17},"end":{"line":4,"column":18}},"loc":{"start":{"line":4,"column":36},"end":{"line":18,"column":1}},"line":4},"1":{"name":"(anonymous_1)","decl":{"start":{"line":16,"column":10},"end":{"line":16,"column":11}},"loc":{"start":{"line":16,"column":19},"end":{"line":16,"column":48}},"line":16},"2":{"name":"(anonymous_2)","decl":{"start":{"line":17,"column":11},"end":{"line":17,"column":12}},"loc":{"start":{"line":17,"column":18},"end":{"line":17,"column":73}},"line":17}},"branchMap":{},"s":{"0":2,"1":2,"2":3,"3":3,"4":3,"5":3,"6":2,"7":1},"f":{"0":3,"1":2,"2":1},"b":{},"_coverageSchema":"1a1c01bbd47fc00a2c39e90264f33305004495a9","hash":"4aac9f150ec985b09481f50914d088f583855ece"}
,"C:\\Users\\keibe\\OneDrive\\Documents\\Griffith Uni\\2024T2\\3813ICT\\s5270448-2024-3813ICT-Assignment\\server\\router\\postLogin.js": {"path":"C:\\Users\\keibe\\OneDrive\\Documents\\Griffith Uni\\2024T2\\3813ICT\\s5270448-2024-3813ICT-Assignment\\server\\router\\postLogin.js","statementMap":{"0":{"start":{"line":2,"column":12},"end":{"line":2,"column":35}},"1":{"start":{"line":3,"column":13},"end":{"line":3,"column":38}},"2":{"start":{"line":5,"column":18},"end":{"line":5,"column":35}},"3":{"start":{"line":7,"column":0},"end":{"line":24,"column":2}},"4":{"start":{"line":8,"column":33},"end":{"line":8,"column":41}},"5":{"start":{"line":10,"column":2},"end":{"line":23,"column":77}},"6":{"start":{"line":12,"column":6},"end":{"line":12,"column":73}},"7":{"start":{"line":12,"column":17},"end":{"line":12,"column":73}},"8":{"start":{"line":14,"column":6},"end":{"line":16,"column":7}},"9":{"start":{"line":15,"column":8},"end":{"line":15,"column":66}},"10":{"start":{"line":18,"column":20},"end":{"line":20,"column":8}},"11":{"start":{"line":21,"column":6},"end":{"line":21,"column":42}},"12":{"start":{"line":23,"column":20},"end":{"line":23,"column":75}}},"fnMap":{"0":{"name":"(anonymous_0)","decl":{"start":{"line":7,"column":17},"end":{"line":7,"column":18}},"loc":{"start":{"line":7,"column":37},"end":{"line":24,"column":1}},"line":7},"1":{"name":"(anonymous_1)","decl":{"start":{"line":11,"column":10},"end":{"line":11,"column":11}},"loc":{"start":{"line":11,"column":20},"end":{"line":22,"column":5}},"line":11},"2":{"name":"(anonymous_2)","decl":{"start":{"line":23,"column":11},"end":{"line":23,"column":12}},"loc":{"start":{"line":23,"column":20},"end":{"line":23,"column":75}},"line":23}},"branchMap":{"0":{"loc":{"start":{"line":12,"column":6},"end":{"line":12,"column":73}},"type":"if","locations":[{"start":{"line":12,"column":6},"end":{"line":12,"column":73}},{"start":{},"end":{}}],"line":12},"1":{"loc":{"start":{"line":14,"column":6},"end":{"line":16,"column":7}},"type":"if","locations":[{"start":{"line":14,"column":6},"end":{"line":16,"column":7}},{"start":{},"end":{}}],"line":14}},"s":{"0":2,"1":2,"2":2,"3":2,"4":5,"5":5,"6":4,"7":1,"8":3,"9":1,"10":2,"11":2,"12":1},"f":{"0":5,"1":4,"2":1},"b":{"0":[1,3],"1":[1,2]},"_coverageSchema":"1a1c01bbd47fc00a2c39e90264f33305004495a9","hash":"79190d76ec49074654a1431233b86d816c4023f3"}
,"C:\\Users\\keibe\\OneDrive\\Documents\\Griffith Uni\\2024T2\\3813ICT\\s5270448-2024-3813ICT-Assignment\\server\\router\\postLoginAfter.js": {"path":"C:\\Users\\keibe\\OneDrive\\Documents\\Griffith Uni\\2024T2\\3813ICT\\s5270448-2024-3813ICT-Assignment\\server\\router\\postLoginAfter.js","statementMap":{"0":{"start":{"line":1,"column":9},"end":{"line":1,"column":22}},"1":{"start":{"line":3,"column":0},"end":{"line":34,"column":1}},"2":{"start":{"line":4,"column":17},"end":{"line":9,"column":5}},"3":{"start":{"line":11,"column":17},"end":{"line":11,"column":19}},"4":{"start":{"line":13,"column":4},"end":{"line":33,"column":7}},"5":{"start":{"line":14,"column":8},"end":{"line":14,"column":27}},"6":{"start":{"line":14,"column":17},"end":{"line":14,"column":27}},"7":{"start":{"line":15,"column":8},"end":{"line":15,"column":34}},"8":{"start":{"line":16,"column":8},"end":{"line":16,"column":29}},"9":{"start":{"line":18,"column":16},"end":{"line":19,"column":43}},"10":{"start":{"line":19,"column":12},"end":{"line":19,"column":42}},"11":{"start":{"line":21,"column":8},"end":{"line":25,"column":9}},"12":{"start":{"line":22,"column":12},"end":{"line":22,"column":33}},"13":{"start":{"line":24,"column":12},"end":{"line":24,"column":32}},"14":{"start":{"line":27,"column":8},"end":{"line":27,"column":25}},"15":{"start":{"line":29,"column":25},"end":{"line":29,"column":47}},"16":{"start":{"line":30,"column":8},"end":{"line":32,"column":11}},"17":{"start":{"line":31,"column":12},"end":{"line":31,"column":31}},"18":{"start":{"line":31,"column":21},"end":{"line":31,"column":31}}},"fnMap":{"0":{"name":"(anonymous_0)","decl":{"start":{"line":3,"column":17},"end":{"line":3,"column":18}},"loc":{"start":{"line":3,"column":36},"end":{"line":34,"column":1}},"line":3},"1":{"name":"(anonymous_1)","decl":{"start":{"line":13,"column":53},"end":{"line":13,"column":54}},"loc":{"start":{"line":13,"column":73},"end":{"line":33,"column":5}},"line":13},"2":{"name":"(anonymous_2)","decl":{"start":{"line":18,"column":33},"end":{"line":18,"column":34}},"loc":{"start":{"line":19,"column":12},"end":{"line":19,"column":42}},"line":19},"3":{"name":"(anonymous_3)","decl":{"start":{"line":30,"column":91},"end":{"line":30,"column":92}},"loc":{"start":{"line":30,"column":104},"end":{"line":32,"column":9}},"line":30}},"branchMap":{"0":{"loc":{"start":{"line":14,"column":8},"end":{"line":14,"column":27}},"type":"if","locations":[{"start":{"line":14,"column":8},"end":{"line":14,"column":27}},{"start":{},"end":{}}],"line":14},"1":{"loc":{"start":{"line":21,"column":8},"end":{"line":25,"column":9}},"type":"if","locations":[{"start":{"line":21,"column":8},"end":{"line":25,"column":9}},{"start":{"line":23,"column":15},"end":{"line":25,"column":9}}],"line":21},"2":{"loc":{"start":{"line":31,"column":12},"end":{"line":31,"column":31}},"type":"if","locations":[{"start":{"line":31,"column":12},"end":{"line":31,"column":31}},{"start":{},"end":{}}],"line":31}},"s":{"0":1,"1":1,"2":3,"3":3,"4":3,"5":3,"6":1,"7":2,"8":2,"9":2,"10":1,"11":2,"12":2,"13":0,"14":2,"15":2,"16":2,"17":2,"18":1},"f":{"0":3,"1":3,"2":1,"3":2},"b":{"0":[1,2],"1":[2,0],"2":[1,1]},"_coverageSchema":"1a1c01bbd47fc00a2c39e90264f33305004495a9","hash":"9d2c229364d2fea543abe0bf5848cec7b0af7c1a"}
,"C:\\Users\\keibe\\OneDrive\\Documents\\Griffith Uni\\2024T2\\3813ICT\\s5270448-2024-3813ICT-Assignment\\server\\router\\postRegister.js": {"path":"C:\\Users\\keibe\\OneDrive\\Documents\\Griffith Uni\\2024T2\\3813ICT\\s5270448-2024-3813ICT-Assignment\\server\\router\\postRegister.js","statementMap":{"0":{"start":{"line":2,"column":13},"end":{"line":2,"column":38}},"1":{"start":{"line":4,"column":0},"end":{"line":20,"column":2}},"2":{"start":{"line":5,"column":33},"end":{"line":5,"column":41}},"3":{"start":{"line":7,"column":18},"end":{"line":12,"column":4}},"4":{"start":{"line":14,"column":2},"end":{"line":19,"column":6}},"5":{"start":{"line":16,"column":16},"end":{"line":16,"column":38}},"6":{"start":{"line":18,"column":6},"end":{"line":18,"column":61}}},"fnMap":{"0":{"name":"(anonymous_0)","decl":{"start":{"line":4,"column":17},"end":{"line":4,"column":18}},"loc":{"start":{"line":4,"column":37},"end":{"line":20,"column":1}},"line":4},"1":{"name":"(anonymous_1)","decl":{"start":{"line":16,"column":10},"end":{"line":16,"column":11}},"loc":{"start":{"line":16,"column":16},"end":{"line":16,"column":38}},"line":16},"2":{"name":"(anonymous_2)","decl":{"start":{"line":17,"column":11},"end":{"line":17,"column":12}},"loc":{"start":{"line":18,"column":6},"end":{"line":18,"column":61}},"line":18}},"branchMap":{},"s":{"0":2,"1":2,"2":4,"3":4,"4":4,"5":2,"6":2},"f":{"0":4,"1":2,"2":2},"b":{},"_coverageSchema":"1a1c01bbd47fc00a2c39e90264f33305004495a9","hash":"5f465977fe9551262debf0278e24772de0b31c3f"}
}
