TN:
SF:middleware\auth.js
FN:7,(anonymous_0)
FN:26,(anonymous_1)
FN:27,(anonymous_2)
FN:29,(anonymous_3)
FNF:4
FNH:4
FNDA:4,(anonymous_0)
FNDA:3,(anonymous_1)
FNDA:3,(anonymous_2)
FNDA:2,(anonymous_3)
DA:2,1
DA:3,1
DA:5,1
DA:7,1
DA:8,4
DA:9,4
DA:11,3
DA:12,3
DA:13,2
DA:14,1
DA:15,1
DA:16,1
DA:18,2
DA:19,0
DA:21,2
DA:26,1
DA:27,3
DA:28,3
DA:29,2
DA:30,2
DA:31,1
LF:21
LH:20
BRDA:9,0,0,1
BRDA:9,0,1,3
BRDA:14,1,0,0
BRDA:14,1,1,1
BRDA:18,2,0,0
BRDA:18,2,1,2
BRDA:18,3,0,2
BRDA:18,3,1,2
BRDA:28,4,0,1
BRDA:28,4,1,2
BRDA:30,5,0,1
BRDA:30,5,1,1
BRF:12
BRH:10
end_of_record
TN:
SF:models\Channel.js
FNF:0
FNH:0
DA:2,1
DA:4,1
DA:10,1
LF:3
LH:3
BRF:0
BRH:0
end_of_record
TN:
SF:models\Group.js
FNF:0
FNH:0
DA:2,3
DA:4,3
DA:11,3
LF:3
LH:3
BRF:0
BRH:0
end_of_record
TN:
SF:models\Message.js
FNF:0
FNH:0
DA:1,1
DA:3,1
DA:11,1
LF:3
LH:3
BRF:0
BRH:0
end_of_record
TN:
SF:models\User.js
FNF:0
FNH:0
DA:2,4
DA:3,4
DA:5,4
DA:13,4
LF:4
LH:4
BRF:0
BRH:0
end_of_record
TN:
SF:router\createChannel.js
FN:5,(anonymous_0)
FNF:1
FNH:1
FNDA:3,(anonymous_0)
DA:2,1
DA:3,1
DA:5,1
DA:6,3
DA:7,3
DA:9,3
DA:11,3
DA:12,2
DA:13,1
DA:16,1
DA:22,1
DA:23,1
DA:24,1
DA:26,1
DA:28,1
LF:15
LH:15
BRDA:12,0,0,1
BRDA:12,0,1,1
BRF:2
BRH:2
end_of_record
TN:
SF:router\createGroup.js
FN:4,(anonymous_0)
FN:16,(anonymous_1)
FN:17,(anonymous_2)
FNF:3
FNH:3
FNDA:3,(anonymous_0)
FNDA:2,(anonymous_1)
FNDA:1,(anonymous_2)
DA:2,2
DA:4,2
DA:5,3
DA:6,3
DA:8,3
DA:15,3
DA:16,2
DA:17,1
LF:8
LH:8
BRF:0
BRH:0
end_of_record
TN:
SF:router\postLogin.js
FN:7,(anonymous_0)
FN:11,(anonymous_1)
FN:23,(anonymous_2)
FNF:3
FNH:3
FNDA:5,(anonymous_0)
FNDA:4,(anonymous_1)
FNDA:1,(anonymous_2)
DA:2,2
DA:3,2
DA:5,2
DA:7,2
DA:8,5
DA:10,5
DA:12,4
DA:14,3
DA:15,1
DA:18,2
DA:21,2
DA:23,1
LF:12
LH:12
BRDA:12,0,0,1
BRDA:12,0,1,3
BRDA:14,1,0,1
BRDA:14,1,1,2
BRF:4
BRH:4
end_of_record
TN:
SF:router\postLoginAfter.js
FN:3,(anonymous_0)
FN:13,(anonymous_1)
FN:18,(anonymous_2)
FN:30,(anonymous_3)
FNF:4
FNH:4
FNDA:3,(anonymous_0)
FNDA:3,(anonymous_1)
FNDA:1,(anonymous_2)
FNDA:2,(anonymous_3)
DA:1,1
DA:3,1
DA:4,3
DA:11,3
DA:13,3
DA:14,3
DA:15,2
DA:16,2
DA:18,2
DA:19,1
DA:21,2
DA:22,2
DA:24,0
DA:27,2
DA:29,2
DA:30,2
DA:31,2
LF:17
LH:16
BRDA:14,0,0,1
BRDA:14,0,1,2
BRDA:21,1,0,2
BRDA:21,1,1,0
BRDA:31,2,0,1
BRDA:31,2,1,1
BRF:6
BRH:5
end_of_record
TN:
SF:router\postRegister.js
FN:4,(anonymous_0)
FN:16,(anonymous_1)
FN:17,(anonymous_2)
FNF:3
FNH:3
FNDA:4,(anonymous_0)
FNDA:2,(anonymous_1)
FNDA:2,(anonymous_2)
DA:2,2
DA:4,2
DA:5,4
DA:7,4
DA:14,4
DA:16,2
DA:18,2
LF:7
LH:7
BRF:0
BRH:0
end_of_record
